<?xml version="1.0" encoding="UTF-8"?>
<!-- Generated by org.testng.reporters.JUnitXMLReporter -->
<testsuite hostname="LAZ-TH-L-M-0053" ignored="0" name="Command line test" tests="5" failures="0" timestamp="28 Sep 2018 02:03:08 GMT" time="33.989" errors="0">
  <testcase name="AudiA6" time="0.003" classname="test.execution.TestNG_Grouping"/>
  <testcase name="BMW3Series" time="0.002" classname="test.execution.TestNG_Grouping"/>
  <testcase name="BMWX3" time="0.027" classname="test.execution.TestNG_Grouping"/>
  <testcase name="HondaAccord" time="0.0" classname="test.execution.TestNG_Grouping"/>
  <testcase name="fillBasicInfo" time="5.348" classname="test.execution.TestNG_TestSuite"/>
</testsuite> <!-- Command line test -->
